{
  "stats": {
    "suites": 1,
    "tests": 1,
    "passes": 0,
    "pending": 0,
    "failures": 1,
    "start": "2022-06-22T11:48:41.338Z",
    "end": "2022-06-22T11:49:08.120Z",
    "duration": 26782,
    "testsRegistered": 1,
    "passPercent": 0,
    "pendingPercent": 0,
    "other": 0,
    "hasOther": false,
    "skipped": 0,
    "hasSkipped": false
  },
  "results": [
    {
      "uuid": "2056a039-20b9-40ca-8620-5f85c0271da2",
      "title": "",
      "fullFile": "cypress/integration/GreenKart/Test2.js",
      "file": "cypress/integration/GreenKart/Test2.js",
      "beforeHooks": [],
      "afterHooks": [],
      "tests": [],
      "suites": [
        {
          "uuid": "65e57831-9dae-4c58-b3f7-8e86f7325811",
          "title": "My Second Test Suite",
          "fullFile": "",
          "file": "",
          "beforeHooks": [],
          "afterHooks": [],
          "tests": [
            {
              "title": "My First Test Case",
              "fullTitle": "My Second Test Suite My First Test Case",
              "timedOut": null,
              "duration": 12448,
              "state": "failed",
              "speed": null,
              "pass": false,
              "fail": true,
              "pending": false,
              "context": null,
              "code": "cy.visit(\"https://rahulshettyacademy.com/seleniumPractise/#/\");\ncy.get('.search-keyword').type('ca');\ncy.wait(2000);\ncy.get('.products').as('productLocator');\ncy.get('@productLocator').find('.product').each(($e1, index, $list) => {\n  const textVeg = $e1.find('h4.product-name').text();\n  if (textVeg.includes('Cashews')) {\n    cy.wrap($e1).find('button').click();\n  }\n});\ncy.get('.tadaa').click();\ncy.contains('PROCEED TO CHECKOUT').click();\ncy.get(':nth-child(14)').click();",
              "err": {
                "message": "AssertionError: Timed out retrying after 8000ms: Expected to find element: `.tadaa`, but never found it.",
                "estack": "AssertionError: Timed out retrying after 8000ms: Expected to find element: `.tadaa`, but never found it.\n    at Context.eval (https://rahulshettyacademy.com/__cypress/tests?p=cypress\\integration\\GreenKart\\Test2.js:113:8)",
                "diff": null
              },
              "uuid": "105dc65c-32ae-4cd2-929e-2f181d7845f3",
              "parentUUID": "65e57831-9dae-4c58-b3f7-8e86f7325811",
              "isHook": false,
              "skipped": false
            }
          ],
          "suites": [],
          "passes": [],
          "failures": [
            "105dc65c-32ae-4cd2-929e-2f181d7845f3"
          ],
          "pending": [],
          "skipped": [],
          "duration": 12448,
          "root": false,
          "rootEmpty": false,
          "_timeout": 2000
        }
      ],
      "passes": [],
      "failures": [],
      "pending": [],
      "skipped": [],
      "duration": 0,
      "root": true,
      "rootEmpty": true,
      "_timeout": 2000
    }
  ],
  "meta": {
    "mocha": {
      "version": "7.0.1"
    },
    "mochawesome": {
      "options": {
        "quiet": false,
        "reportFilename": "mochawesome",
        "saveHtml": true,
        "saveJson": true,
        "consoleReporter": "spec",
        "useInlineDiffs": false,
        "code": true
      },
      "version": "7.1.3"
    },
    "marge": {
      "options": null,
      "version": "6.2.0"
    }
  }
}